<?xml version="1.0" encoding="UTF-8"?>
<!-- Generated by org.testng.reporters.JUnitXMLReporter -->
<testsuite ignored="2" hostname="DESKTOP-9PUA9QM" failures="0" tests="2" name="ChromeTest" time="8.464" errors="0" timestamp="2025-06-02T16:11:17 IST">
  <testcase classname="testScript.LoginTest" name="verifyTheUserIsAbleToLoginUsingValidCredentials" time="2.142"/>
  <testcase classname="testScript.LoginTest" name="verifyTheUserIsUnableToLoginUsingInvalidUserNameAndValidPassword" time="0.928"/>
  <testcase classname="testScript.LoginTest" name="verifyTheUserIsAbleToLoginUsingInvalidCredentials" time="0.0">
    <ignored/>
  </testcase> <!-- verifyTheUserIsAbleToLoginUsingInvalidCredentials -->
  <testcase classname="testScript.LoginTest" name="verifyTheUserIsUnableToLoginUsingValidUserNameAndInvalidPassword" time="0.0">
    <ignored/>
  </testcase> <!-- verifyTheUserIsUnableToLoginUsingValidUserNameAndInvalidPassword -->
</testsuite> <!-- ChromeTest -->
