<?xml version="1.0" encoding="UTF-8"?>
<testng-results ignored="0" total="1" passed="1" failed="0" skipped="0">
  <reporter-output>
  </reporter-output>
  <suite started-at="2025-05-31T10:42:04 IST" name="Default suite" finished-at="2025-05-31T10:42:11 IST" duration-ms="6490">
    <groups>
    </groups>
    <test started-at="2025-05-31T10:42:04 IST" name="Default test" finished-at="2025-05-31T10:42:11 IST" duration-ms="6490">
      <class name="testScript.ManageNewsTest">
        <test-method is-config="true" signature="initializeBrowser()[pri:0, instance:testScript.ManageNewsTest@40a4337a]" started-at="2025-05-31T10:42:04 IST" name="initializeBrowser" finished-at="2025-05-31T10:42:07 IST" duration-ms="2927" status="PASS">
          <reporter-output>
          </reporter-output>
        </test-method> <!-- initializeBrowser -->
        <test-method signature="verifyTheUserIsAbleToAddMangeNews()[pri:0, instance:testScript.ManageNewsTest@40a4337a]" started-at="2025-05-31T10:42:07 IST" name="verifyTheUserIsAbleToAddMangeNews" finished-at="2025-05-31T10:42:11 IST" duration-ms="3507" status="PASS">
          <reporter-output>
          </reporter-output>
        </test-method> <!-- verifyTheUserIsAbleToAddMangeNews -->
      </class> <!-- testScript.ManageNewsTest -->
    </test> <!-- Default test -->
  </suite> <!-- Default suite -->
</testng-results>
