<?xml version="1.0" encoding="UTF-8"?>
<!-- Generated by org.testng.reporters.JUnitXMLReporter -->
<testsuite ignored="0" hostname="DESKTOP-9PUA9QM" failures="0" tests="13" name="Test" time="71.69" errors="0" timestamp="2025-06-02T21:49:09 IST">
  <testcase classname="testScript.LoginTest" name="verifyTheUserIsAbleToLoginUsingInvalidCredentials" time="2.083"/>
  <testcase classname="testScript.LoginTest" name="verifyTheUserIsAbleToLoginUsingValidCredentials" time="1.271"/>
  <testcase classname="testScript.LoginTest" name="verifyTheUserIsUnableToLoginUsingInvalidUserNameAndValidPassword" time="0.825"/>
  <testcase classname="testScript.LoginTest" name="verifyTheUserIsUnableToLoginUsingValidUserNameAndInvalidPassword" time="0.764"/>
  <testcase classname="testScript.ManageNewsTest" name="verifyTheUserIsAbleToAddMangeNews" time="2.69"/>
  <testcase classname="testScript.AdminUserTest" name="verifyTheUserIsAbleToAddAdminUser" time="3.737"/>
  <testcase classname="testScript.ManageContactTest" name="verifyTheUpdateButtonIsDisplayed" time="1.989"/>
  <testcase classname="testScript.ManageContactTest" name="verifyUserIsAbleToEditContact" time="4.698"/>
  <testcase classname="testScript.ManageCategoryTest" name="verifyTheUserIsAbleToAddNewCategory" time="3.733"/>
  <testcase classname="testScript.ManageCategoryTest" name="verifyTheUserIsAbleToDeleteCategory" time="2.291"/>
  <testcase classname="testScript.ManageFooterTest" name="verifyTheUpdateButtonIsDisplayed" time="1.853"/>
  <testcase classname="testScript.ManageFooterTest" name="verifyTheUserIsAbleToManageFooterText" time="2.892"/>
  <testcase classname="testScript.LogOutTest" name="verifyTheUserIsAbleTologOut" time="1.406"/>
</testsuite> <!-- Test -->
